<?xml version="1.0" encoding="UTF-8"?>
<testsuites>
    <testsuite name="reset-passowrd-nullemail;reset-password-fail-dan-nullemail-email-field" tests="6" failures="0" skipped="0">
        <properties>
            <property name="URI" value="D:\Automation Testing\Functional-Testing-Pro3\features\lupa-sandi-nullemail.feature">
            </property>
        </properties>
        <testcase name="Given user browse digiclinic page" classname="reset-passowrd-nullemail;reset-password-fail-dan-nullemail-email-field" time="0.0011109">
        </testcase>
        <testcase name="And user click login menu" classname="reset-passowrd-nullemail;reset-password-fail-dan-nullemail-email-field" time="0.0010433">
        </testcase>
        <testcase name="And user click lupa sandi menu" classname="reset-passowrd-nullemail;reset-password-fail-dan-nullemail-email-field" time="0.0002805">
        </testcase>
        <testcase name="And user fill email field with null email" classname="reset-passowrd-nullemail;reset-password-fail-dan-nullemail-email-field" time="0.0002529">
        </testcase>
        <testcase name="When user click lupa sandi button" classname="reset-passowrd-nullemail;reset-password-fail-dan-nullemail-email-field" time="0.0002536">
        </testcase>
        <testcase name="Then user can see notification email not found" classname="reset-passowrd-nullemail;reset-password-fail-dan-nullemail-email-field" time="0.0005022">
        </testcase>
    </testsuite>
</testsuites>