<?xml version="1.0" encoding="UTF-8"?>
<testsuites>
    <testsuite name="edit-nama-akun-digiclinic;edit-name-on-digiclinic-account" tests="18" failures="0" skipped="0">
        <properties>
            <property name="URI" value="D:\Automation Testing\Functional-Testing-Pro3\features\edit-nama-akun.feature">
            </property>
        </properties>
        <testcase name="Given user browse web digiclinic" classname="edit-nama-akun-digiclinic;edit-name-on-digiclinic-account" time="0.0012247">
        </testcase>
        <testcase name="And user click login menu" classname="edit-nama-akun-digiclinic;edit-name-on-digiclinic-account" time="0.000934">
        </testcase>
        <testcase name="And user fill email to login" classname="edit-nama-akun-digiclinic;edit-name-on-digiclinic-account" time="0.000278">
        </testcase>
        <testcase name="And user fill password to login" classname="edit-nama-akun-digiclinic;edit-name-on-digiclinic-account" time="0.000231">
        </testcase>
        <testcase name="And user click login button" classname="edit-nama-akun-digiclinic;edit-name-on-digiclinic-account" time="0.000187">
        </testcase>
        <testcase name="And user can login and edit account" classname="edit-nama-akun-digiclinic;edit-name-on-digiclinic-account" time="0.0008357">
        </testcase>
        <testcase name="And user click akun menu" classname="edit-nama-akun-digiclinic;edit-name-on-digiclinic-account" time="0.0005436">
        </testcase>
        <testcase name="And user click edit akun menu" classname="edit-nama-akun-digiclinic;edit-name-on-digiclinic-account" time="0.0001833">
        </testcase>
        <testcase name="And user fill nama lengkap field" classname="edit-nama-akun-digiclinic;edit-name-on-digiclinic-account" time="0.0002267">
        </testcase>
        <testcase name="And user click ubah sekarang button" classname="edit-nama-akun-digiclinic;edit-name-on-digiclinic-account" time="0.0001621">
        </testcase>
        <testcase name="And user click x button" classname="edit-nama-akun-digiclinic;edit-name-on-digiclinic-account" time="0.0001688">
        </testcase>
        <testcase name="And user click akunn menu" classname="edit-nama-akun-digiclinic;edit-name-on-digiclinic-account" time="0.0004732">
        </testcase>
        <testcase name="And user click keluar menu" classname="edit-nama-akun-digiclinic;edit-name-on-digiclinic-account" time="0.0006803">
        </testcase>
        <testcase name="And user click login menu" classname="edit-nama-akun-digiclinic;edit-name-on-digiclinic-account" time="0.0002205">
        </testcase>
        <testcase name="And user fill email to login" classname="edit-nama-akun-digiclinic;edit-name-on-digiclinic-account" time="0.0000927">
        </testcase>
        <testcase name="And user fill password to login" classname="edit-nama-akun-digiclinic;edit-name-on-digiclinic-account" time="0.0000957">
        </testcase>
        <testcase name="When user click login button" classname="edit-nama-akun-digiclinic;edit-name-on-digiclinic-account" time="0.000247">
        </testcase>
        <testcase name="Then user cannot see the menu" classname="edit-nama-akun-digiclinic;edit-name-on-digiclinic-account" time="0.0005212">
        </testcase>
    </testsuite>
</testsuites>