<?xml version="1.0" encoding="UTF-8"?>
<testsuites>
    <testsuite name="login;login-on-digiclinic.id-page-and-wrong-password" tests="6" failures="0" skipped="0">
        <properties>
            <property name="URI" value="D:\Automation Testing\Functional-Testing-Pro3\features\login-pass-invalid.feature">
            </property>
        </properties>
        <testcase name="Given user browse digiclinic.id" classname="login;login-on-digiclinic.id-page-and-wrong-password" time="0.0011211">
        </testcase>
        <testcase name="And user click login menu on digiclinic.id" classname="login;login-on-digiclinic.id-page-and-wrong-password" time="0.0018915">
        </testcase>
        <testcase name="And user fill email field to login on digiclinic.id" classname="login;login-on-digiclinic.id-page-and-wrong-password" time="0.0003461">
        </testcase>
        <testcase name="And user fill password field to login on digiclinic.id" classname="login;login-on-digiclinic.id-page-and-wrong-password" time="0.0002852">
        </testcase>
        <testcase name="When user click login button on digiclinic.id" classname="login;login-on-digiclinic.id-page-and-wrong-password" time="0.0002339">
        </testcase>
        <testcase name="Then the user can view wrong password message on digiclinic.id" classname="login;login-on-digiclinic.id-page-and-wrong-password" time="0.0003501">
        </testcase>
    </testsuite>
</testsuites>